#
# There is insufficient memory for the Java Runtime Environment to continue.
# Native memory allocation (mmap) failed to map 123731968 bytes for Failed to commit area from 0x000000008a800000 to 0x0000000091e00000 of length 123731968.
# Possible reasons:
#   The system is out of physical RAM or swap space
#   The process is running with CompressedOops enabled, and the Java Heap may be blocking the growth of the native heap
# Possible solutions:
#   Reduce memory load on the system
#   Increase physical memory or swap space
#   Check if swap backing store is full
#   Decrease Java heap size (-Xmx/-Xms)
#   Decrease number of Java threads
#   Decrease Java thread stack sizes (-Xss)
#   Set larger code cache with -XX:ReservedCodeCacheSize=
# This output file may be truncated or incomplete.
#
#  Out of Memory Error (./src/hotspot/os/windows/os_windows.cpp:3387), pid=10928, tid=20344
#
# JRE version:  (11.0.14.1+1) (build )
# Java VM: OpenJDK 64-Bit Server VM (11.0.14.1+1, mixed mode, sharing, tiered, compressed oops, g1 gc, windows-amd64)
# No core dump will be written. Minidumps are not enabled by default on client versions of Windows
#

---------------  S U M M A R Y ------------

Command Line: -Dfile.encoding=UTF-8 -Dcom.android.sdklib.toolsdir=C:\Program Files\Unity\Hub\Editor\2022.3.20f1\Editor\Data\PlaybackEngines\AndroidPlayer\SDK\cmdline-tools\6.0\bin\\.. com.android.sdklib.tool.sdkmanager.SdkManagerCli --list

Host: AMD Ryzen 5 5600H with Radeon Graphics         , 12 cores, 7G,  Windows 11 , 64 bit Build 22621 (10.0.22621.3374)
Time: Tue May 28 09:30:28 2024 India Standard Time elapsed time: 0.011566 seconds (0d 0h 0m 0s)

---------------  T H R E A D  ---------------

Current thread (0x0000013297cf6800):  JavaThread "Unknown thread" [_thread_in_vm, id=20344, stack(0x00000023ae400000,0x00000023ae500000)]

Stack: [0x00000023ae400000,0x00000023ae500000]
Native frames: (J=compiled Java code, j=interpreted, Vv=VM code, C=native code)
V  [jvm.dll+0x61e59a]
V  [jvm.dll+0x7aaca9]
V  [jvm.dll+0x7ac398]
V  [jvm.dll+0x7aca73]
V  [jvm.dll+0x24f9b8]
V  [jvm.dll+0x61b83a]
V  [jvm.dll+0x6100c5]
V  [jvm.dll+0x30772c]
V  [jvm.dll+0x3075b2]
V  [jvm.dll+0x30c2d6]
V  [jvm.dll+0x35272f]
V  [jvm.dll+0x352160]
V  [jvm.dll+0x2e4728]
V  [jvm.dll+0x2e5886]
V  [jvm.dll+0x784b07]
V  [jvm.dll+0x78628f]
V  [jvm.dll+0x35f479]
V  [jvm.dll+0x767aa0]
V  [jvm.dll+0x3ccf1f]
V  [jvm.dll+0x3cf2b1]
C  [jli.dll+0x5207]
C  [ucrtbase.dll+0x29333]
C  [KERNEL32.DLL+0x1257d]
C  [ntdll.dll+0x5aa48]


---------------  P R O C E S S  ---------------

Threads class SMR info:
_java_thread_list=0x0000013297a75160, length=0, elements={
}

Java Threads: ( => current thread )

Other Threads:
  0x0000013297d0b800 GCTaskThread "GC Thread#0" [stack: 0x00000023ae500000,0x00000023ae600000] [id=13188]
  0x0000013297d3a800 ConcurrentGCThread "G1 Main Marker" [stack: 0x00000023ae600000,0x00000023ae700000] [id=11844]
  0x0000013297d3c800 ConcurrentGCThread "G1 Conc#0" [stack: 0x00000023ae700000,0x00000023ae800000] [id=18856]

[error occurred during error reporting (printing all threads), id 0xc0000005, EXCEPTION_ACCESS_VIOLATION (0xc0000005) at pc=0x00007ff952c13ef7]

VM state:not at safepoint (not fully initialized)

VM Mutex/Monitor currently owned by a thread:  ([mutex/lock_event])
[0x0000013297cf2790] Heap_lock - owner thread: 0x0000013297cf6800

Heap address: 0x000000008a800000, size: 1880 MB, Compressed Oops mode: Non-zero based: 0x000000008a800000
Narrow klass base: 0x0000000000000000, Narrow klass shift: 0

GC Heap History (0 events):
No events

Deoptimization events (0 events):
No events

Classes redefined (0 events):
No events

Internal exceptions (0 events):
No events

Events (1 events):
Event: 0.008 Loaded shared library C:\Program Files\Unity\Hub\Editor\2022.3.20f1\Editor\Data\PlaybackEngines\AndroidPlayer\OpenJDK\bin\zip.dll


Dynamic libraries:
0x00007ff67f690000 - 0x00007ff67f69d000 	C:\Program Files\Unity\Hub\Editor\2022.3.20f1\Editor\Data\PlaybackEngines\AndroidPlayer\OpenJDK\bin\java.exe
0x00007ff9b2070000 - 0x00007ff9b2286000 	C:\windows\SYSTEM32\ntdll.dll
0x00007ff9b1270000 - 0x00007ff9b1334000 	C:\windows\System32\KERNEL32.DLL
0x00007ff9af650000 - 0x00007ff9af9f7000 	C:\windows\System32\KERNELBASE.dll
0x00007ff9af390000 - 0x00007ff9af4a1000 	C:\windows\System32\ucrtbase.dll
0x00007ff957b00000 - 0x00007ff957b17000 	C:\Program Files\Unity\Hub\Editor\2022.3.20f1\Editor\Data\PlaybackEngines\AndroidPlayer\OpenJDK\bin\jli.dll
0x00007ff95b230000 - 0x00007ff95b245000 	C:\Program Files\Unity\Hub\Editor\2022.3.20f1\Editor\Data\PlaybackEngines\AndroidPlayer\OpenJDK\bin\VCRUNTIME140.dll
0x00007ff9b1520000 - 0x00007ff9b16ce000 	C:\windows\System32\USER32.dll
0x00007ff9af560000 - 0x00007ff9af586000 	C:\windows\System32\win32u.dll
0x00007ff991430000 - 0x00007ff9916c3000 	C:\windows\WinSxS\amd64_microsoft.windows.common-controls_6595b64144ccf1df_6.0.22621.3235_none_270f74e173860f98\COMCTL32.dll
0x00007ff9b04a0000 - 0x00007ff9b04c9000 	C:\windows\System32\GDI32.dll
0x00007ff9b0510000 - 0x00007ff9b05b7000 	C:\windows\System32\msvcrt.dll
0x00007ff9afb70000 - 0x00007ff9afc89000 	C:\windows\System32\gdi32full.dll
0x00007ff9afd00000 - 0x00007ff9afd9a000 	C:\windows\System32\msvcp_win.dll
0x00007ff9b04d0000 - 0x00007ff9b0501000 	C:\windows\System32\IMM32.DLL
0x00007ff956900000 - 0x00007ff95699b000 	C:\Program Files\Unity\Hub\Editor\2022.3.20f1\Editor\Data\PlaybackEngines\AndroidPlayer\OpenJDK\bin\msvcp140.dll
0x00007ff952920000 - 0x00007ff9534a1000 	C:\Program Files\Unity\Hub\Editor\2022.3.20f1\Editor\Data\PlaybackEngines\AndroidPlayer\OpenJDK\bin\server\jvm.dll
0x00007ff9b1f70000 - 0x00007ff9b2022000 	C:\windows\System32\ADVAPI32.dll
0x00007ff9b0660000 - 0x00007ff9b0708000 	C:\windows\System32\sechost.dll
0x00007ff9af4b0000 - 0x00007ff9af4d8000 	C:\windows\System32\bcrypt.dll
0x00007ff9b08f0000 - 0x00007ff9b0a05000 	C:\windows\System32\RPCRT4.dll
0x00007ff9b0710000 - 0x00007ff9b0718000 	C:\windows\System32\PSAPI.DLL
0x00007ff9a7510000 - 0x00007ff9a7544000 	C:\windows\SYSTEM32\WINMM.dll
0x00007ff9aa640000 - 0x00007ff9aa649000 	C:\windows\SYSTEM32\WSOCK32.dll
0x00007ff9b1e30000 - 0x00007ff9b1ea1000 	C:\windows\System32\WS2_32.dll
0x00007ff9a7500000 - 0x00007ff9a750a000 	C:\windows\SYSTEM32\VERSION.dll
0x00007ff9ae390000 - 0x00007ff9ae3a8000 	C:\windows\SYSTEM32\kernel.appcore.dll
0x00007ff966810000 - 0x00007ff966820000 	C:\Program Files\Unity\Hub\Editor\2022.3.20f1\Editor\Data\PlaybackEngines\AndroidPlayer\OpenJDK\bin\verify.dll
0x00007ff9a4b40000 - 0x00007ff9a4d73000 	C:\windows\SYSTEM32\DBGHELP.DLL
0x00007ff9afda0000 - 0x00007ff9b0128000 	C:\windows\System32\combase.dll
0x00007ff9b18d0000 - 0x00007ff9b19a7000 	C:\windows\System32\OLEAUT32.dll
0x00007ff9a3e50000 - 0x00007ff9a3e82000 	C:\windows\SYSTEM32\dbgcore.DLL
0x00007ff9af4e0000 - 0x00007ff9af559000 	C:\windows\System32\bcryptPrimitives.dll
0x00007ff956800000 - 0x00007ff956828000 	C:\Program Files\Unity\Hub\Editor\2022.3.20f1\Editor\Data\PlaybackEngines\AndroidPlayer\OpenJDK\bin\java.dll
0x00007ff9568f0000 - 0x00007ff9568fa000 	C:\Program Files\Unity\Hub\Editor\2022.3.20f1\Editor\Data\PlaybackEngines\AndroidPlayer\OpenJDK\bin\jimage.dll
0x00007ff9567e0000 - 0x00007ff9567f8000 	C:\Program Files\Unity\Hub\Editor\2022.3.20f1\Editor\Data\PlaybackEngines\AndroidPlayer\OpenJDK\bin\zip.dll

dbghelp: loaded successfully - version: 4.0.5 - missing functions: none
symbol engine: initialized successfully - sym options: 0x614 - pdb path: .;C:\Program Files\Unity\Hub\Editor\2022.3.20f1\Editor\Data\PlaybackEngines\AndroidPlayer\OpenJDK\bin;C:\windows\SYSTEM32;C:\windows\WinSxS\amd64_microsoft.windows.common-controls_6595b64144ccf1df_6.0.22621.3235_none_270f74e173860f98;C:\Program Files\Unity\Hub\Editor\2022.3.20f1\Editor\Data\PlaybackEngines\AndroidPlayer\OpenJDK\bin\server

VM Arguments:
jvm_args: -Dfile.encoding=UTF-8 -Dcom.android.sdklib.toolsdir=C:\Program Files\Unity\Hub\Editor\2022.3.20f1\Editor\Data\PlaybackEngines\AndroidPlayer\SDK\cmdline-tools\6.0\bin\\.. 
java_command: com.android.sdklib.tool.sdkmanager.SdkManagerCli --list
java_class_path (initial): C:\Program Files\Unity\Hub\Editor\2022.3.20f1\Editor\Data\PlaybackEngines\AndroidPlayer\SDK\cmdline-tools\6.0\bin\..\lib\sdkmanager-classpath.jar
Launcher Type: SUN_STANDARD

[Global flags]
     intx CICompilerCount                          = 4                                         {product} {ergonomic}
     uint ConcGCThreads                            = 3                                         {product} {ergonomic}
     uint G1ConcRefinementThreads                  = 10                                        {product} {ergonomic}
   size_t G1HeapRegionSize                         = 1048576                                   {product} {ergonomic}
    uintx GCDrainStackTargetSize                   = 64                                        {product} {ergonomic}
   size_t InitialHeapSize                          = 123731968                                 {product} {ergonomic}
   size_t MarkStackSize                            = 4194304                                   {product} {ergonomic}
   size_t MaxHeapSize                              = 1971322880                                {product} {ergonomic}
   size_t MinHeapDeltaBytes                        = 1048576                                   {product} {ergonomic}
    uintx NonNMethodCodeHeapSize                   = 5836300                                {pd product} {ergonomic}
    uintx NonProfiledCodeHeapSize                  = 122910970                              {pd product} {ergonomic}
    uintx ProfiledCodeHeapSize                     = 122910970                              {pd product} {ergonomic}
    uintx ReservedCodeCacheSize                    = 251658240                              {pd product} {ergonomic}
     bool SegmentedCodeCache                       = true                                      {product} {ergonomic}
     bool UseCompressedClassPointers               = true                                 {lp64_product} {ergonomic}
     bool UseCompressedOops                        = true                                 {lp64_product} {ergonomic}
     bool UseG1GC                                  = true                                      {product} {ergonomic}
     bool UseLargePagesIndividualAllocation        = false                                  {pd product} {ergonomic}

Logging:
Log output configuration:
 #0: stdout all=warning uptime,level,tags
 #1: stderr all=off uptime,level,tags

Environment Variables:
JAVA_HOME=C:\Program Files\Unity\Hub\Editor\2022.3.20f1\Editor\Data\PlaybackEngines\AndroidPlayer\OpenJDK
JAVA_TOOL_OPTIONS=-Dfile.encoding=UTF-8
CLASSPATH=C:\Program Files\Unity\Hub\Editor\2022.3.20f1\Editor\Data\PlaybackEngines\AndroidPlayer\SDK\cmdline-tools\6.0\bin\..\lib\sdkmanager-classpath.jar
PATH=C:\Program Files\Common Files\Oracle\Java\javapath;C:\windows\system32;C:\windows;C:\windows\System32\Wbem;C:\windows\System32\WindowsPowerShell\v1.0\;C:\windows\System32\OpenSSH\;C:\Program Files\dotnet\;C:\Program Files\Microsoft SQL Server\150\Tools\Binn\;C:\Program Files\HP\HP One Agent;C:\Users\ansar\AppData\Local\Programs\Python\Python312\Scripts\;C:\Users\ansar\AppData\Local\Programs\Python\Python312\;C:\Users\ansar\AppData\Local\Microsoft\WindowsApps;C:\Users\ansar\AppData\Local\Programs\Microsoft VS Code\bin;C:\Users\ansar\.dotnet\tools;C:\Program Files\Java\jdk-21\bin;
USERNAME=ansar
OS=Windows_NT
PROCESSOR_IDENTIFIER=AMD64 Family 25 Model 80 Stepping 0, AuthenticAMD



---------------  S Y S T E M  ---------------

OS: Windows 11 , 64 bit Build 22621 (10.0.22621.3374)
OS uptime: 0 days 19:48 hours
Hyper-V role detected

CPU:total 12 (initial active 12) (12 cores per cpu, 2 threads per core) family 25 model 80 stepping 0 microcode 0x0, cmov, cx8, fxsr, mmx, sse, sse2, sse3, ssse3, sse4.1, sse4.2, popcnt, avx, avx2, aes, clmul, erms, mmxext, 3dnowpref, lzcnt, sse4a, ht, tsc, tscinvbit, tscinv, bmi1, bmi2, adx, sha, fma

Memory: 4k page, system-wide physical 7519M (536M free)
TotalPageFile size 19018M (AvailPageFile size 29M)
current process WorkingSet (physical memory assigned to process): 10M, peak: 10M
current process commit charge ("private bytes"): 64M, peak: 182M

vm_info: OpenJDK 64-Bit Server VM (11.0.14.1+1) for windows-amd64 JRE (11.0.14.1+1), built on Feb  9 2022 01:48:27 by "" with unknown MS VC++:1916

END.
